<?xml version="1.0" encoding="UTF-8"?>
<!-- Generated by org.testng.reporters.JUnitXMLReporter -->
<testsuite ignored="2" hostname="DESKTOP-QG00M44" failures="0" tests="1" name="Default test" time="22.102" errors="0" timestamp="2020-07-18T13:45:55 IST">
  <testcase classname="com.weatherData.testcases.WeatherPageTest2" name="collectData" time="10.861"/>
  <testcase classname="com.weatherData.testcases.WeatherPageTest2" name="presenceOfCityInput" time="0.0">
    <ignored/>
  </testcase> <!-- presenceOfCityInput -->
  <testcase classname="com.weatherData.testcases.WeatherPageTest2" name="enterCityNameTest" time="0.0">
    <ignored/>
  </testcase> <!-- enterCityNameTest -->
</testsuite> <!-- Default test -->
