<?xml version="1.0" encoding="UTF-8"?>
<!-- Generated by org.testng.reporters.JUnitXMLReporter -->
<testsuite ignored="0" hostname="DESKTOP-QG00M44" failures="15" tests="43" name="Test" time="254.991" errors="0" timestamp="2020-07-20T08:51:37 IST">
  <testcase classname="org.openweathermap.testcases.WeatherDataOWM" name="testOpenWeatherMapData" time="4.698"/>
  <testcase classname="org.openweathermap.testcases.WeatherDataOWM" name="testOpenWeatherMapData" time="0.794"/>
  <testcase classname="org.openweathermap.testcases.WeatherDataOWM" name="testOpenWeatherMapData" time="0.704"/>
  <testcase classname="org.openweathermap.testcases.WeatherDataOWM" name="testOpenWeatherMapData" time="0.677"/>
  <testcase classname="org.openweathermap.testcases.WeatherDataOWM" name="testOpenWeatherMapData" time="0.727"/>
  <testcase classname="org.openweathermap.testcases.WeatherDataOWM" name="testOpenWeatherMapData" time="0.622"/>
  <testcase classname="com.ndtv.testcases.WeatherPageTest" name="presenceOfCityInput" time="0.352"/>
  <testcase classname="com.ndtv.testcases.WeatherPageTest" name="cityOnMapTest" time="0.986"/>
  <testcase classname="com.ndtv.testcases.WeatherPageTest" name="cityOnMapTest" time="11.608"/>
  <testcase classname="com.ndtv.testcases.WeatherPageTest" name="cityOnMapTest" time="11.31"/>
  <testcase classname="com.ndtv.testcases.WeatherPageTest" name="cityOnMapTest" time="0.884"/>
  <testcase classname="com.ndtv.testcases.WeatherPageTest" name="cityOnMapTest" time="11.338"/>
  <testcase classname="com.ndtv.testcases.WeatherPageTest" name="cityOnMapTest" time="11.51"/>
  <testcase classname="com.ndtv.testcases.WeatherPageTest" name="collectDataTest" time="1.357"/>
  <testcase classname="com.ndtv.testcases.WeatherPageTest" name="collectDataTest" time="11.161"/>
  <testcase classname="com.ndtv.testcases.WeatherPageTest" name="collectDataTest" time="10.875">
    <failure type="java.lang.NumberFormatException" message="For input string: &amp;quot;u
&amp;quot;">
      <![CDATA[java.lang.NumberFormatException: For input string: "u
"
at java.base/java.lang.NumberFormatException.forInputString(NumberFormatException.java:68)
at java.base/java.lang.Integer.parseInt(Integer.java:652)
at java.base/java.lang.Integer.parseInt(Integer.java:770)
at common.utils.CommonCalculations.returnTemperatureInDegreeC(CommonCalculations.java:15)
at com.ndtv.testcases.WeatherPageTest.collectDataTest(WeatherPageTest.java:95)
at java.base/java.util.ArrayList.forEach(ArrayList.java:1510)
... Removed 27 stack frames]]>
    </failure>
  </testcase> <!-- collectDataTest -->
  <testcase classname="com.ndtv.testcases.WeatherPageTest" name="collectDataTest" time="0.886">
    <failure type="java.lang.NumberFormatException" message="For input string: &amp;quot;u
&amp;quot;">
      <![CDATA[java.lang.NumberFormatException: For input string: "u
"
at java.base/java.lang.NumberFormatException.forInputString(NumberFormatException.java:68)
at java.base/java.lang.Integer.parseInt(Integer.java:652)
at java.base/java.lang.Integer.parseInt(Integer.java:770)
at common.utils.CommonCalculations.returnTemperatureInDegreeC(CommonCalculations.java:15)
at com.ndtv.testcases.WeatherPageTest.collectDataTest(WeatherPageTest.java:95)
at java.base/java.util.ArrayList.forEach(ArrayList.java:1510)
... Removed 27 stack frames]]>
    </failure>
  </testcase> <!-- collectDataTest -->
  <testcase classname="com.ndtv.testcases.WeatherPageTest" name="collectDataTest" time="11.379"/>
  <testcase classname="com.ndtv.testcases.WeatherPageTest" name="collectDataTest" time="11.104"/>
  <testcase classname="org.weatherComparision.testcases.WeatherDataComparisionTest" name="compareHumidity" time="0.03">
    <failure type="java.lang.AssertionError" message="expected [true] but found [false]">
      <![CDATA[java.lang.AssertionError: expected [true] but found [false]
at org.weatherComparision.testcases.WeatherDataComparisionTest.compareHumidity(WeatherDataComparisionTest.java:173)
at java.base/java.util.ArrayList.forEach(ArrayList.java:1510)
... Removed 32 stack frames]]>
    </failure>
  </testcase> <!-- compareHumidity -->
  <testcase classname="org.weatherComparision.testcases.WeatherDataComparisionTest" name="compareHumidity" time="0.045"/>
  <testcase classname="org.weatherComparision.testcases.WeatherDataComparisionTest" name="compareHumidity" time="0.001">
    <failure type="java.lang.NumberFormatException" message="For input string: &amp;quot;&amp;quot;">
      <![CDATA[java.lang.NumberFormatException: For input string: ""
at java.base/java.lang.NumberFormatException.forInputString(NumberFormatException.java:68)
at java.base/java.lang.Integer.parseInt(Integer.java:662)
at java.base/java.lang.Integer.parseInt(Integer.java:770)
at org.weatherComparision.testcases.WeatherDataComparisionTest.compareHumidity(WeatherDataComparisionTest.java:148)
at java.base/java.util.ArrayList.forEach(ArrayList.java:1510)
... Removed 27 stack frames]]>
    </failure>
  </testcase> <!-- compareHumidity -->
  <testcase classname="org.weatherComparision.testcases.WeatherDataComparisionTest" name="compareHumidity" time="0.004">
    <failure type="java.lang.NumberFormatException" message="For input string: &amp;quot;&amp;quot;">
      <![CDATA[java.lang.NumberFormatException: For input string: ""
at java.base/java.lang.NumberFormatException.forInputString(NumberFormatException.java:68)
at java.base/java.lang.Integer.parseInt(Integer.java:662)
at java.base/java.lang.Integer.parseInt(Integer.java:770)
at org.weatherComparision.testcases.WeatherDataComparisionTest.compareHumidity(WeatherDataComparisionTest.java:148)
at java.base/java.util.ArrayList.forEach(ArrayList.java:1510)
... Removed 27 stack frames]]>
    </failure>
  </testcase> <!-- compareHumidity -->
  <testcase classname="org.weatherComparision.testcases.WeatherDataComparisionTest" name="compareHumidity" time="0.038">
    <failure type="java.lang.AssertionError" message="expected [true] but found [false]">
      <![CDATA[java.lang.AssertionError: expected [true] but found [false]
at org.weatherComparision.testcases.WeatherDataComparisionTest.compareHumidity(WeatherDataComparisionTest.java:173)
at java.base/java.util.ArrayList.forEach(ArrayList.java:1510)
... Removed 32 stack frames]]>
    </failure>
  </testcase> <!-- compareHumidity -->
  <testcase classname="org.weatherComparision.testcases.WeatherDataComparisionTest" name="compareHumidity" time="0.027"/>
  <testcase classname="org.weatherComparision.testcases.WeatherDataComparisionTest" name="compareLiveTemps" time="0.037"/>
  <testcase classname="org.weatherComparision.testcases.WeatherDataComparisionTest" name="compareLiveTemps" time="0.039"/>
  <testcase classname="org.weatherComparision.testcases.WeatherDataComparisionTest" name="compareLiveTemps" time="0.002">
    <failure type="java.lang.NumberFormatException" message="empty String">
      <![CDATA[java.lang.NumberFormatException: empty String
at java.base/jdk.internal.math.FloatingDecimal.readJavaFormatString(FloatingDecimal.java:1842)
at java.base/jdk.internal.math.FloatingDecimal.parseDouble(FloatingDecimal.java:110)
at java.base/java.lang.Double.parseDouble(Double.java:549)
at org.weatherComparision.testcases.WeatherDataComparisionTest.compareLiveTemps(WeatherDataComparisionTest.java:48)
at java.base/java.util.ArrayList.forEach(ArrayList.java:1510)
... Removed 27 stack frames]]>
    </failure>
  </testcase> <!-- compareLiveTemps -->
  <testcase classname="org.weatherComparision.testcases.WeatherDataComparisionTest" name="compareLiveTemps" time="0.004">
    <failure type="java.lang.NumberFormatException" message="empty String">
      <![CDATA[java.lang.NumberFormatException: empty String
at java.base/jdk.internal.math.FloatingDecimal.readJavaFormatString(FloatingDecimal.java:1842)
at java.base/jdk.internal.math.FloatingDecimal.parseDouble(FloatingDecimal.java:110)
at java.base/java.lang.Double.parseDouble(Double.java:549)
at org.weatherComparision.testcases.WeatherDataComparisionTest.compareLiveTemps(WeatherDataComparisionTest.java:48)
at java.base/java.util.ArrayList.forEach(ArrayList.java:1510)
... Removed 27 stack frames]]>
    </failure>
  </testcase> <!-- compareLiveTemps -->
  <testcase classname="org.weatherComparision.testcases.WeatherDataComparisionTest" name="compareLiveTemps" time="0.04">
    <failure type="java.lang.AssertionError" message="Temperatues are NOT within Variance Range expected [true] but found [false]">
      <![CDATA[java.lang.AssertionError: Temperatues are NOT within Variance Range expected [true] but found [false]
at org.weatherComparision.testcases.WeatherDataComparisionTest.compareLiveTemps(WeatherDataComparisionTest.java:64)
at java.base/java.util.ArrayList.forEach(ArrayList.java:1510)
... Removed 31 stack frames]]>
    </failure>
  </testcase> <!-- compareLiveTemps -->
  <testcase classname="org.weatherComparision.testcases.WeatherDataComparisionTest" name="compareLiveTemps" time="0.035"/>
  <testcase classname="org.weatherComparision.testcases.WeatherDataComparisionTest" name="compareWeatherConditions" time="0.051"/>
  <testcase classname="org.weatherComparision.testcases.WeatherDataComparisionTest" name="compareWeatherConditions" time="0.028"/>
  <testcase classname="org.weatherComparision.testcases.WeatherDataComparisionTest" name="compareWeatherConditions" time="0.038"/>
  <testcase classname="org.weatherComparision.testcases.WeatherDataComparisionTest" name="compareWeatherConditions" time="0.047"/>
  <testcase classname="org.weatherComparision.testcases.WeatherDataComparisionTest" name="compareWeatherConditions" time="0.024"/>
  <testcase classname="org.weatherComparision.testcases.WeatherDataComparisionTest" name="compareWeatherConditions" time="0.032"/>
  <testcase classname="org.weatherComparision.testcases.WeatherDataComparisionTest" name="compareWindSpeed" time="0.003">
    <failure type="java.lang.NumberFormatException" message="empty String">
      <![CDATA[java.lang.NumberFormatException: empty String
at java.base/jdk.internal.math.FloatingDecimal.readJavaFormatString(FloatingDecimal.java:1842)
at java.base/jdk.internal.math.FloatingDecimal.parseDouble(FloatingDecimal.java:110)
at java.base/java.lang.Double.parseDouble(Double.java:549)
at org.weatherComparision.testcases.WeatherDataComparisionTest.compareWindSpeed(WeatherDataComparisionTest.java:180)
at java.base/java.util.ArrayList.forEach(ArrayList.java:1510)
... Removed 27 stack frames]]>
    </failure>
  </testcase> <!-- compareWindSpeed -->
  <testcase classname="org.weatherComparision.testcases.WeatherDataComparisionTest" name="compareWindSpeed" time="0.001">
    <failure type="java.lang.NumberFormatException" message="empty String">
      <![CDATA[java.lang.NumberFormatException: empty String
at java.base/jdk.internal.math.FloatingDecimal.readJavaFormatString(FloatingDecimal.java:1842)
at java.base/jdk.internal.math.FloatingDecimal.parseDouble(FloatingDecimal.java:110)
at java.base/java.lang.Double.parseDouble(Double.java:549)
at org.weatherComparision.testcases.WeatherDataComparisionTest.compareWindSpeed(WeatherDataComparisionTest.java:180)
at java.base/java.util.ArrayList.forEach(ArrayList.java:1510)
... Removed 27 stack frames]]>
    </failure>
  </testcase> <!-- compareWindSpeed -->
  <testcase classname="org.weatherComparision.testcases.WeatherDataComparisionTest" name="compareWindSpeed" time="0.001">
    <failure type="java.lang.NumberFormatException" message="empty String">
      <![CDATA[java.lang.NumberFormatException: empty String
at java.base/jdk.internal.math.FloatingDecimal.readJavaFormatString(FloatingDecimal.java:1842)
at java.base/jdk.internal.math.FloatingDecimal.parseDouble(FloatingDecimal.java:110)
at java.base/java.lang.Double.parseDouble(Double.java:549)
at org.weatherComparision.testcases.WeatherDataComparisionTest.compareWindSpeed(WeatherDataComparisionTest.java:180)
at java.base/java.util.ArrayList.forEach(ArrayList.java:1510)
... Removed 27 stack frames]]>
    </failure>
  </testcase> <!-- compareWindSpeed -->
  <testcase classname="org.weatherComparision.testcases.WeatherDataComparisionTest" name="compareWindSpeed" time="0.002">
    <failure type="java.lang.NumberFormatException" message="empty String">
      <![CDATA[java.lang.NumberFormatException: empty String
at java.base/jdk.internal.math.FloatingDecimal.readJavaFormatString(FloatingDecimal.java:1842)
at java.base/jdk.internal.math.FloatingDecimal.parseDouble(FloatingDecimal.java:110)
at java.base/java.lang.Double.parseDouble(Double.java:549)
at org.weatherComparision.testcases.WeatherDataComparisionTest.compareWindSpeed(WeatherDataComparisionTest.java:180)
at java.base/java.util.ArrayList.forEach(ArrayList.java:1510)
... Removed 27 stack frames]]>
    </failure>
  </testcase> <!-- compareWindSpeed -->
  <testcase classname="org.weatherComparision.testcases.WeatherDataComparisionTest" name="compareWindSpeed" time="0.005">
    <failure type="java.lang.NumberFormatException" message="empty String">
      <![CDATA[java.lang.NumberFormatException: empty String
at java.base/jdk.internal.math.FloatingDecimal.readJavaFormatString(FloatingDecimal.java:1842)
at java.base/jdk.internal.math.FloatingDecimal.parseDouble(FloatingDecimal.java:110)
at java.base/java.lang.Double.parseDouble(Double.java:549)
at org.weatherComparision.testcases.WeatherDataComparisionTest.compareWindSpeed(WeatherDataComparisionTest.java:180)
at java.base/java.util.ArrayList.forEach(ArrayList.java:1510)
... Removed 27 stack frames]]>
    </failure>
  </testcase> <!-- compareWindSpeed -->
  <testcase classname="org.weatherComparision.testcases.WeatherDataComparisionTest" name="compareWindSpeed" time="0.001">
    <failure type="java.lang.NumberFormatException" message="empty String">
      <![CDATA[java.lang.NumberFormatException: empty String
at java.base/jdk.internal.math.FloatingDecimal.readJavaFormatString(FloatingDecimal.java:1842)
at java.base/jdk.internal.math.FloatingDecimal.parseDouble(FloatingDecimal.java:110)
at java.base/java.lang.Double.parseDouble(Double.java:549)
at org.weatherComparision.testcases.WeatherDataComparisionTest.compareWindSpeed(WeatherDataComparisionTest.java:180)
at java.base/java.util.ArrayList.forEach(ArrayList.java:1510)
... Removed 27 stack frames]]>
    </failure>
  </testcase> <!-- compareWindSpeed -->
</testsuite> <!-- Test -->
