<?xml version="1.0" encoding="UTF-8"?>
<testng-results ignored="0" total="1" passed="1" failed="0" skipped="0">
  <reporter-output>
  </reporter-output>
  <suite started-at="2020-07-16T21:45:56 IST" name="Default suite" finished-at="2020-07-16T21:46:04 IST" duration-ms="8685">
    <groups>
    </groups>
    <test started-at="2020-07-16T21:45:56 IST" name="Default test" finished-at="2020-07-16T21:46:04 IST" duration-ms="8685">
      <class name="com.weatherData.testcases.testClass">
        <test-method is-config="true" signature="Setup()[pri:0, instance:com.weatherData.testcases.testClass@2ea227af]" started-at="2020-07-16T21:45:56 IST" name="Setup" finished-at="2020-07-16T21:46:04 IST" duration-ms="8647" status="PASS">
          <reporter-output>
          </reporter-output>
        </test-method> <!-- Setup -->
        <test-method signature="verifyHomePageTitleTest()[pri:0, instance:com.weatherData.testcases.testClass@2ea227af]" started-at="2020-07-16T21:46:04 IST" name="verifyHomePageTitleTest" finished-at="2020-07-16T21:46:04 IST" duration-ms="4" status="PASS">
          <reporter-output>
          </reporter-output>
        </test-method> <!-- verifyHomePageTitleTest -->
      </class> <!-- com.weatherData.testcases.testClass -->
    </test> <!-- Default test -->
  </suite> <!-- Default suite -->
</testng-results>
